2021-08-18 09:37:20 error: Error: Failed to lookup view "error/404" in views directory "C:\Users\BIT\Desktop\douzone\douzone2021\vscode-projects\react-practices\Integration\app05.mysite\backend\views"
    at Function.render (C:\Users\BIT\Desktop\douzone\douzone2021\vscode-projects\react-practices\Integration\app05.mysite\node_modules\express\lib\application.js:580:17)
    at ServerResponse.render (C:\Users\BIT\Desktop\douzone\douzone2021\vscode-projects\react-practices\Integration\app05.mysite\node_modules\express\lib\response.js:1012:7)
    at error404 (C:\Users\BIT\Desktop\douzone\douzone2021\vscode-projects\react-practices\Integration\app05.mysite\backend\routes\error.js:6:29)
    at Layer.handle [as handle_request] (C:\Users\BIT\Desktop\douzone\douzone2021\vscode-projects\react-practices\Integration\app05.mysite\node_modules\express\lib\router\layer.js:95:5)
    at trim_prefix (C:\Users\BIT\Desktop\douzone\douzone2021\vscode-projects\react-practices\Integration\app05.mysite\node_modules\express\lib\router\index.js:317:13)
    at C:\Users\BIT\Desktop\douzone\douzone2021\vscode-projects\react-practices\Integration\app05.mysite\node_modules\express\lib\router\index.js:284:7
    at Function.process_params (C:\Users\BIT\Desktop\douzone\douzone2021\vscode-projects\react-practices\Integration\app05.mysite\node_modules\express\lib\router\index.js:335:12)
    at next (C:\Users\BIT\Desktop\douzone\douzone2021\vscode-projects\react-practices\Integration\app05.mysite\node_modules\express\lib\router\index.js:275:10)
    at next (C:\Users\BIT\Desktop\douzone\douzone2021\vscode-projects\react-practices\Integration\app05.mysite\node_modules\express\lib\router\route.js:127:14)
    at next (C:\Users\BIT\Desktop\douzone\douzone2021\vscode-projects\react-practices\Integration\app05.mysite\node_modules\express\lib\router\route.js:131:14)
2021-08-18 09:37:20 error: Error: Failed to lookup view "error/404" in views directory "C:\Users\BIT\Desktop\douzone\douzone2021\vscode-projects\react-practices\Integration\app05.mysite\backend\views"
    at Function.render (C:\Users\BIT\Desktop\douzone\douzone2021\vscode-projects\react-practices\Integration\app05.mysite\node_modules\express\lib\application.js:580:17)
    at ServerResponse.render (C:\Users\BIT\Desktop\douzone\douzone2021\vscode-projects\react-practices\Integration\app05.mysite\node_modules\express\lib\response.js:1012:7)
    at error404 (C:\Users\BIT\Desktop\douzone\douzone2021\vscode-projects\react-practices\Integration\app05.mysite\backend\routes\error.js:6:29)
    at Layer.handle [as handle_request] (C:\Users\BIT\Desktop\douzone\douzone2021\vscode-projects\react-practices\Integration\app05.mysite\node_modules\express\lib\router\layer.js:95:5)
    at trim_prefix (C:\Users\BIT\Desktop\douzone\douzone2021\vscode-projects\react-practices\Integration\app05.mysite\node_modules\express\lib\router\index.js:317:13)
    at C:\Users\BIT\Desktop\douzone\douzone2021\vscode-projects\react-practices\Integration\app05.mysite\node_modules\express\lib\router\index.js:284:7
    at Function.process_params (C:\Users\BIT\Desktop\douzone\douzone2021\vscode-projects\react-practices\Integration\app05.mysite\node_modules\express\lib\router\index.js:335:12)
    at next (C:\Users\BIT\Desktop\douzone\douzone2021\vscode-projects\react-practices\Integration\app05.mysite\node_modules\express\lib\router\index.js:275:10)
    at next (C:\Users\BIT\Desktop\douzone\douzone2021\vscode-projects\react-practices\Integration\app05.mysite\node_modules\express\lib\router\route.js:127:14)
    at next (C:\Users\BIT\Desktop\douzone\douzone2021\vscode-projects\react-practices\Integration\app05.mysite\node_modules\express\lib\router\route.js:131:14)
2021-08-18 09:37:21 error: Error: Failed to lookup view "error/404" in views directory "C:\Users\BIT\Desktop\douzone\douzone2021\vscode-projects\react-practices\Integration\app05.mysite\backend\views"
    at Function.render (C:\Users\BIT\Desktop\douzone\douzone2021\vscode-projects\react-practices\Integration\app05.mysite\node_modules\express\lib\application.js:580:17)
    at ServerResponse.render (C:\Users\BIT\Desktop\douzone\douzone2021\vscode-projects\react-practices\Integration\app05.mysite\node_modules\express\lib\response.js:1012:7)
    at error404 (C:\Users\BIT\Desktop\douzone\douzone2021\vscode-projects\react-practices\Integration\app05.mysite\backend\routes\error.js:6:29)
    at Layer.handle [as handle_request] (C:\Users\BIT\Desktop\douzone\douzone2021\vscode-projects\react-practices\Integration\app05.mysite\node_modules\express\lib\router\layer.js:95:5)
    at trim_prefix (C:\Users\BIT\Desktop\douzone\douzone2021\vscode-projects\react-practices\Integration\app05.mysite\node_modules\express\lib\router\index.js:317:13)
    at C:\Users\BIT\Desktop\douzone\douzone2021\vscode-projects\react-practices\Integration\app05.mysite\node_modules\express\lib\router\index.js:284:7
    at Function.process_params (C:\Users\BIT\Desktop\douzone\douzone2021\vscode-projects\react-practices\Integration\app05.mysite\node_modules\express\lib\router\index.js:335:12)
    at next (C:\Users\BIT\Desktop\douzone\douzone2021\vscode-projects\react-practices\Integration\app05.mysite\node_modules\express\lib\router\index.js:275:10)
    at next (C:\Users\BIT\Desktop\douzone\douzone2021\vscode-projects\react-practices\Integration\app05.mysite\node_modules\express\lib\router\route.js:127:14)
    at next (C:\Users\BIT\Desktop\douzone\douzone2021\vscode-projects\react-practices\Integration\app05.mysite\node_modules\express\lib\router\route.js:131:14)
2021-08-18 09:37:21 error: Error: Failed to lookup view "error/404" in views directory "C:\Users\BIT\Desktop\douzone\douzone2021\vscode-projects\react-practices\Integration\app05.mysite\backend\views"
    at Function.render (C:\Users\BIT\Desktop\douzone\douzone2021\vscode-projects\react-practices\Integration\app05.mysite\node_modules\express\lib\application.js:580:17)
    at ServerResponse.render (C:\Users\BIT\Desktop\douzone\douzone2021\vscode-projects\react-practices\Integration\app05.mysite\node_modules\express\lib\response.js:1012:7)
    at error404 (C:\Users\BIT\Desktop\douzone\douzone2021\vscode-projects\react-practices\Integration\app05.mysite\backend\routes\error.js:6:29)
    at Layer.handle [as handle_request] (C:\Users\BIT\Desktop\douzone\douzone2021\vscode-projects\react-practices\Integration\app05.mysite\node_modules\express\lib\router\layer.js:95:5)
    at trim_prefix (C:\Users\BIT\Desktop\douzone\douzone2021\vscode-projects\react-practices\Integration\app05.mysite\node_modules\express\lib\router\index.js:317:13)
    at C:\Users\BIT\Desktop\douzone\douzone2021\vscode-projects\react-practices\Integration\app05.mysite\node_modules\express\lib\router\index.js:284:7
    at Function.process_params (C:\Users\BIT\Desktop\douzone\douzone2021\vscode-projects\react-practices\Integration\app05.mysite\node_modules\express\lib\router\index.js:335:12)
    at next (C:\Users\BIT\Desktop\douzone\douzone2021\vscode-projects\react-practices\Integration\app05.mysite\node_modules\express\lib\router\index.js:275:10)
    at next (C:\Users\BIT\Desktop\douzone\douzone2021\vscode-projects\react-practices\Integration\app05.mysite\node_modules\express\lib\router\route.js:127:14)
    at next (C:\Users\BIT\Desktop\douzone\douzone2021\vscode-projects\react-practices\Integration\app05.mysite\node_modules\express\lib\router\route.js:131:14)
2021-08-18 09:37:22 error: Error: Failed to lookup view "error/404" in views directory "C:\Users\BIT\Desktop\douzone\douzone2021\vscode-projects\react-practices\Integration\app05.mysite\backend\views"
    at Function.render (C:\Users\BIT\Desktop\douzone\douzone2021\vscode-projects\react-practices\Integration\app05.mysite\node_modules\express\lib\application.js:580:17)
    at ServerResponse.render (C:\Users\BIT\Desktop\douzone\douzone2021\vscode-projects\react-practices\Integration\app05.mysite\node_modules\express\lib\response.js:1012:7)
    at error404 (C:\Users\BIT\Desktop\douzone\douzone2021\vscode-projects\react-practices\Integration\app05.mysite\backend\routes\error.js:6:29)
    at Layer.handle [as handle_request] (C:\Users\BIT\Desktop\douzone\douzone2021\vscode-projects\react-practices\Integration\app05.mysite\node_modules\express\lib\router\layer.js:95:5)
    at trim_prefix (C:\Users\BIT\Desktop\douzone\douzone2021\vscode-projects\react-practices\Integration\app05.mysite\node_modules\express\lib\router\index.js:317:13)
    at C:\Users\BIT\Desktop\douzone\douzone2021\vscode-projects\react-practices\Integration\app05.mysite\node_modules\express\lib\router\index.js:284:7
    at Function.process_params (C:\Users\BIT\Desktop\douzone\douzone2021\vscode-projects\react-practices\Integration\app05.mysite\node_modules\express\lib\router\index.js:335:12)
    at next (C:\Users\BIT\Desktop\douzone\douzone2021\vscode-projects\react-practices\Integration\app05.mysite\node_modules\express\lib\router\index.js:275:10)
    at next (C:\Users\BIT\Desktop\douzone\douzone2021\vscode-projects\react-practices\Integration\app05.mysite\node_modules\express\lib\router\route.js:127:14)
    at next (C:\Users\BIT\Desktop\douzone\douzone2021\vscode-projects\react-practices\Integration\app05.mysite\node_modules\express\lib\router\route.js:131:14)
2021-08-18 09:37:22 error: Error: Failed to lookup view "error/404" in views directory "C:\Users\BIT\Desktop\douzone\douzone2021\vscode-projects\react-practices\Integration\app05.mysite\backend\views"
    at Function.render (C:\Users\BIT\Desktop\douzone\douzone2021\vscode-projects\react-practices\Integration\app05.mysite\node_modules\express\lib\application.js:580:17)
    at ServerResponse.render (C:\Users\BIT\Desktop\douzone\douzone2021\vscode-projects\react-practices\Integration\app05.mysite\node_modules\express\lib\response.js:1012:7)
    at error404 (C:\Users\BIT\Desktop\douzone\douzone2021\vscode-projects\react-practices\Integration\app05.mysite\backend\routes\error.js:6:29)
    at Layer.handle [as handle_request] (C:\Users\BIT\Desktop\douzone\douzone2021\vscode-projects\react-practices\Integration\app05.mysite\node_modules\express\lib\router\layer.js:95:5)
    at trim_prefix (C:\Users\BIT\Desktop\douzone\douzone2021\vscode-projects\react-practices\Integration\app05.mysite\node_modules\express\lib\router\index.js:317:13)
    at C:\Users\BIT\Desktop\douzone\douzone2021\vscode-projects\react-practices\Integration\app05.mysite\node_modules\express\lib\router\index.js:284:7
    at Function.process_params (C:\Users\BIT\Desktop\douzone\douzone2021\vscode-projects\react-practices\Integration\app05.mysite\node_modules\express\lib\router\index.js:335:12)
    at next (C:\Users\BIT\Desktop\douzone\douzone2021\vscode-projects\react-practices\Integration\app05.mysite\node_modules\express\lib\router\index.js:275:10)
    at next (C:\Users\BIT\Desktop\douzone\douzone2021\vscode-projects\react-practices\Integration\app05.mysite\node_modules\express\lib\router\route.js:127:14)
    at next (C:\Users\BIT\Desktop\douzone\douzone2021\vscode-projects\react-practices\Integration\app05.mysite\node_modules\express\lib\router\route.js:131:14)
2021-08-18 09:37:25 error: Error: Failed to lookup view "error/404" in views directory "C:\Users\BIT\Desktop\douzone\douzone2021\vscode-projects\react-practices\Integration\app05.mysite\backend\views"
    at Function.render (C:\Users\BIT\Desktop\douzone\douzone2021\vscode-projects\react-practices\Integration\app05.mysite\node_modules\express\lib\application.js:580:17)
    at ServerResponse.render (C:\Users\BIT\Desktop\douzone\douzone2021\vscode-projects\react-practices\Integration\app05.mysite\node_modules\express\lib\response.js:1012:7)
    at error404 (C:\Users\BIT\Desktop\douzone\douzone2021\vscode-projects\react-practices\Integration\app05.mysite\backend\routes\error.js:6:29)
    at Layer.handle [as handle_request] (C:\Users\BIT\Desktop\douzone\douzone2021\vscode-projects\react-practices\Integration\app05.mysite\node_modules\express\lib\router\layer.js:95:5)
    at trim_prefix (C:\Users\BIT\Desktop\douzone\douzone2021\vscode-projects\react-practices\Integration\app05.mysite\node_modules\express\lib\router\index.js:317:13)
    at C:\Users\BIT\Desktop\douzone\douzone2021\vscode-projects\react-practices\Integration\app05.mysite\node_modules\express\lib\router\index.js:284:7
    at Function.process_params (C:\Users\BIT\Desktop\douzone\douzone2021\vscode-projects\react-practices\Integration\app05.mysite\node_modules\express\lib\router\index.js:335:12)
    at next (C:\Users\BIT\Desktop\douzone\douzone2021\vscode-projects\react-practices\Integration\app05.mysite\node_modules\express\lib\router\index.js:275:10)
    at next (C:\Users\BIT\Desktop\douzone\douzone2021\vscode-projects\react-practices\Integration\app05.mysite\node_modules\express\lib\router\route.js:127:14)
    at next (C:\Users\BIT\Desktop\douzone\douzone2021\vscode-projects\react-practices\Integration\app05.mysite\node_modules\express\lib\router\route.js:131:14)
2021-08-18 09:37:25 error: Error: Failed to lookup view "error/404" in views directory "C:\Users\BIT\Desktop\douzone\douzone2021\vscode-projects\react-practices\Integration\app05.mysite\backend\views"
    at Function.render (C:\Users\BIT\Desktop\douzone\douzone2021\vscode-projects\react-practices\Integration\app05.mysite\node_modules\express\lib\application.js:580:17)
    at ServerResponse.render (C:\Users\BIT\Desktop\douzone\douzone2021\vscode-projects\react-practices\Integration\app05.mysite\node_modules\express\lib\response.js:1012:7)
    at error404 (C:\Users\BIT\Desktop\douzone\douzone2021\vscode-projects\react-practices\Integration\app05.mysite\backend\routes\error.js:6:29)
    at Layer.handle [as handle_request] (C:\Users\BIT\Desktop\douzone\douzone2021\vscode-projects\react-practices\Integration\app05.mysite\node_modules\express\lib\router\layer.js:95:5)
    at trim_prefix (C:\Users\BIT\Desktop\douzone\douzone2021\vscode-projects\react-practices\Integration\app05.mysite\node_modules\express\lib\router\index.js:317:13)
    at C:\Users\BIT\Desktop\douzone\douzone2021\vscode-projects\react-practices\Integration\app05.mysite\node_modules\express\lib\router\index.js:284:7
    at Function.process_params (C:\Users\BIT\Desktop\douzone\douzone2021\vscode-projects\react-practices\Integration\app05.mysite\node_modules\express\lib\router\index.js:335:12)
    at next (C:\Users\BIT\Desktop\douzone\douzone2021\vscode-projects\react-practices\Integration\app05.mysite\node_modules\express\lib\router\index.js:275:10)
    at next (C:\Users\BIT\Desktop\douzone\douzone2021\vscode-projects\react-practices\Integration\app05.mysite\node_modules\express\lib\router\route.js:127:14)
    at next (C:\Users\BIT\Desktop\douzone\douzone2021\vscode-projects\react-practices\Integration\app05.mysite\node_modules\express\lib\router\route.js:131:14)
2021-08-18 09:37:25 error: Error: Failed to lookup view "error/404" in views directory "C:\Users\BIT\Desktop\douzone\douzone2021\vscode-projects\react-practices\Integration\app05.mysite\backend\views"
    at Function.render (C:\Users\BIT\Desktop\douzone\douzone2021\vscode-projects\react-practices\Integration\app05.mysite\node_modules\express\lib\application.js:580:17)
    at ServerResponse.render (C:\Users\BIT\Desktop\douzone\douzone2021\vscode-projects\react-practices\Integration\app05.mysite\node_modules\express\lib\response.js:1012:7)
    at error404 (C:\Users\BIT\Desktop\douzone\douzone2021\vscode-projects\react-practices\Integration\app05.mysite\backend\routes\error.js:6:29)
    at Layer.handle [as handle_request] (C:\Users\BIT\Desktop\douzone\douzone2021\vscode-projects\react-practices\Integration\app05.mysite\node_modules\express\lib\router\layer.js:95:5)
    at trim_prefix (C:\Users\BIT\Desktop\douzone\douzone2021\vscode-projects\react-practices\Integration\app05.mysite\node_modules\express\lib\router\index.js:317:13)
    at C:\Users\BIT\Desktop\douzone\douzone2021\vscode-projects\react-practices\Integration\app05.mysite\node_modules\express\lib\router\index.js:284:7
    at Function.process_params (C:\Users\BIT\Desktop\douzone\douzone2021\vscode-projects\react-practices\Integration\app05.mysite\node_modules\express\lib\router\index.js:335:12)
    at next (C:\Users\BIT\Desktop\douzone\douzone2021\vscode-projects\react-practices\Integration\app05.mysite\node_modules\express\lib\router\index.js:275:10)
    at next (C:\Users\BIT\Desktop\douzone\douzone2021\vscode-projects\react-practices\Integration\app05.mysite\node_modules\express\lib\router\route.js:127:14)
    at next (C:\Users\BIT\Desktop\douzone\douzone2021\vscode-projects\react-practices\Integration\app05.mysite\node_modules\express\lib\router\route.js:131:14)
2021-08-18 09:37:25 error: Error: Failed to lookup view "error/404" in views directory "C:\Users\BIT\Desktop\douzone\douzone2021\vscode-projects\react-practices\Integration\app05.mysite\backend\views"
    at Function.render (C:\Users\BIT\Desktop\douzone\douzone2021\vscode-projects\react-practices\Integration\app05.mysite\node_modules\express\lib\application.js:580:17)
    at ServerResponse.render (C:\Users\BIT\Desktop\douzone\douzone2021\vscode-projects\react-practices\Integration\app05.mysite\node_modules\express\lib\response.js:1012:7)
    at error404 (C:\Users\BIT\Desktop\douzone\douzone2021\vscode-projects\react-practices\Integration\app05.mysite\backend\routes\error.js:6:29)
    at Layer.handle [as handle_request] (C:\Users\BIT\Desktop\douzone\douzone2021\vscode-projects\react-practices\Integration\app05.mysite\node_modules\express\lib\router\layer.js:95:5)
    at trim_prefix (C:\Users\BIT\Desktop\douzone\douzone2021\vscode-projects\react-practices\Integration\app05.mysite\node_modules\express\lib\router\index.js:317:13)
    at C:\Users\BIT\Desktop\douzone\douzone2021\vscode-projects\react-practices\Integration\app05.mysite\node_modules\express\lib\router\index.js:284:7
    at Function.process_params (C:\Users\BIT\Desktop\douzone\douzone2021\vscode-projects\react-practices\Integration\app05.mysite\node_modules\express\lib\router\index.js:335:12)
    at next (C:\Users\BIT\Desktop\douzone\douzone2021\vscode-projects\react-practices\Integration\app05.mysite\node_modules\express\lib\router\index.js:275:10)
    at next (C:\Users\BIT\Desktop\douzone\douzone2021\vscode-projects\react-practices\Integration\app05.mysite\node_modules\express\lib\router\route.js:127:14)
    at next (C:\Users\BIT\Desktop\douzone\douzone2021\vscode-projects\react-practices\Integration\app05.mysite\node_modules\express\lib\router\route.js:131:14)
2021-08-18 09:37:26 error: Error: Failed to lookup view "error/404" in views directory "C:\Users\BIT\Desktop\douzone\douzone2021\vscode-projects\react-practices\Integration\app05.mysite\backend\views"
    at Function.render (C:\Users\BIT\Desktop\douzone\douzone2021\vscode-projects\react-practices\Integration\app05.mysite\node_modules\express\lib\application.js:580:17)
    at ServerResponse.render (C:\Users\BIT\Desktop\douzone\douzone2021\vscode-projects\react-practices\Integration\app05.mysite\node_modules\express\lib\response.js:1012:7)
    at error404 (C:\Users\BIT\Desktop\douzone\douzone2021\vscode-projects\react-practices\Integration\app05.mysite\backend\routes\error.js:6:29)
    at Layer.handle [as handle_request] (C:\Users\BIT\Desktop\douzone\douzone2021\vscode-projects\react-practices\Integration\app05.mysite\node_modules\express\lib\router\layer.js:95:5)
    at trim_prefix (C:\Users\BIT\Desktop\douzone\douzone2021\vscode-projects\react-practices\Integration\app05.mysite\node_modules\express\lib\router\index.js:317:13)
    at C:\Users\BIT\Desktop\douzone\douzone2021\vscode-projects\react-practices\Integration\app05.mysite\node_modules\express\lib\router\index.js:284:7
    at Function.process_params (C:\Users\BIT\Desktop\douzone\douzone2021\vscode-projects\react-practices\Integration\app05.mysite\node_modules\express\lib\router\index.js:335:12)
    at next (C:\Users\BIT\Desktop\douzone\douzone2021\vscode-projects\react-practices\Integration\app05.mysite\node_modules\express\lib\router\index.js:275:10)
    at next (C:\Users\BIT\Desktop\douzone\douzone2021\vscode-projects\react-practices\Integration\app05.mysite\node_modules\express\lib\router\route.js:127:14)
    at next (C:\Users\BIT\Desktop\douzone\douzone2021\vscode-projects\react-practices\Integration\app05.mysite\node_modules\express\lib\router\route.js:131:14)
2021-08-18 09:37:26 error: Error: Failed to lookup view "error/404" in views directory "C:\Users\BIT\Desktop\douzone\douzone2021\vscode-projects\react-practices\Integration\app05.mysite\backend\views"
    at Function.render (C:\Users\BIT\Desktop\douzone\douzone2021\vscode-projects\react-practices\Integration\app05.mysite\node_modules\express\lib\application.js:580:17)
    at ServerResponse.render (C:\Users\BIT\Desktop\douzone\douzone2021\vscode-projects\react-practices\Integration\app05.mysite\node_modules\express\lib\response.js:1012:7)
    at error404 (C:\Users\BIT\Desktop\douzone\douzone2021\vscode-projects\react-practices\Integration\app05.mysite\backend\routes\error.js:6:29)
    at Layer.handle [as handle_request] (C:\Users\BIT\Desktop\douzone\douzone2021\vscode-projects\react-practices\Integration\app05.mysite\node_modules\express\lib\router\layer.js:95:5)
    at trim_prefix (C:\Users\BIT\Desktop\douzone\douzone2021\vscode-projects\react-practices\Integration\app05.mysite\node_modules\express\lib\router\index.js:317:13)
    at C:\Users\BIT\Desktop\douzone\douzone2021\vscode-projects\react-practices\Integration\app05.mysite\node_modules\express\lib\router\index.js:284:7
    at Function.process_params (C:\Users\BIT\Desktop\douzone\douzone2021\vscode-projects\react-practices\Integration\app05.mysite\node_modules\express\lib\router\index.js:335:12)
    at next (C:\Users\BIT\Desktop\douzone\douzone2021\vscode-projects\react-practices\Integration\app05.mysite\node_modules\express\lib\router\index.js:275:10)
    at next (C:\Users\BIT\Desktop\douzone\douzone2021\vscode-projects\react-practices\Integration\app05.mysite\node_modules\express\lib\router\route.js:127:14)
    at next (C:\Users\BIT\Desktop\douzone\douzone2021\vscode-projects\react-practices\Integration\app05.mysite\node_modules\express\lib\router\route.js:131:14)
2021-08-18 09:38:00 error: Error: Failed to lookup view "error/404" in views directory "C:\Users\BIT\Desktop\douzone\douzone2021\vscode-projects\react-practices\Integration\app05.mysite\backend\views"
    at Function.render (C:\Users\BIT\Desktop\douzone\douzone2021\vscode-projects\react-practices\Integration\app05.mysite\node_modules\express\lib\application.js:580:17)
    at ServerResponse.render (C:\Users\BIT\Desktop\douzone\douzone2021\vscode-projects\react-practices\Integration\app05.mysite\node_modules\express\lib\response.js:1012:7)
    at error404 (C:\Users\BIT\Desktop\douzone\douzone2021\vscode-projects\react-practices\Integration\app05.mysite\backend\routes\error.js:6:29)
    at Layer.handle [as handle_request] (C:\Users\BIT\Desktop\douzone\douzone2021\vscode-projects\react-practices\Integration\app05.mysite\node_modules\express\lib\router\layer.js:95:5)
    at trim_prefix (C:\Users\BIT\Desktop\douzone\douzone2021\vscode-projects\react-practices\Integration\app05.mysite\node_modules\express\lib\router\index.js:317:13)
    at C:\Users\BIT\Desktop\douzone\douzone2021\vscode-projects\react-practices\Integration\app05.mysite\node_modules\express\lib\router\index.js:284:7
    at Function.process_params (C:\Users\BIT\Desktop\douzone\douzone2021\vscode-projects\react-practices\Integration\app05.mysite\node_modules\express\lib\router\index.js:335:12)
    at next (C:\Users\BIT\Desktop\douzone\douzone2021\vscode-projects\react-practices\Integration\app05.mysite\node_modules\express\lib\router\index.js:275:10)
    at next (C:\Users\BIT\Desktop\douzone\douzone2021\vscode-projects\react-practices\Integration\app05.mysite\node_modules\express\lib\router\route.js:127:14)
    at next (C:\Users\BIT\Desktop\douzone\douzone2021\vscode-projects\react-practices\Integration\app05.mysite\node_modules\express\lib\router\route.js:131:14)
2021-08-18 09:38:00 error: Error: Failed to lookup view "error/404" in views directory "C:\Users\BIT\Desktop\douzone\douzone2021\vscode-projects\react-practices\Integration\app05.mysite\backend\views"
    at Function.render (C:\Users\BIT\Desktop\douzone\douzone2021\vscode-projects\react-practices\Integration\app05.mysite\node_modules\express\lib\application.js:580:17)
    at ServerResponse.render (C:\Users\BIT\Desktop\douzone\douzone2021\vscode-projects\react-practices\Integration\app05.mysite\node_modules\express\lib\response.js:1012:7)
    at error404 (C:\Users\BIT\Desktop\douzone\douzone2021\vscode-projects\react-practices\Integration\app05.mysite\backend\routes\error.js:6:29)
    at Layer.handle [as handle_request] (C:\Users\BIT\Desktop\douzone\douzone2021\vscode-projects\react-practices\Integration\app05.mysite\node_modules\express\lib\router\layer.js:95:5)
    at trim_prefix (C:\Users\BIT\Desktop\douzone\douzone2021\vscode-projects\react-practices\Integration\app05.mysite\node_modules\express\lib\router\index.js:317:13)
    at C:\Users\BIT\Desktop\douzone\douzone2021\vscode-projects\react-practices\Integration\app05.mysite\node_modules\express\lib\router\index.js:284:7
    at Function.process_params (C:\Users\BIT\Desktop\douzone\douzone2021\vscode-projects\react-practices\Integration\app05.mysite\node_modules\express\lib\router\index.js:335:12)
    at next (C:\Users\BIT\Desktop\douzone\douzone2021\vscode-projects\react-practices\Integration\app05.mysite\node_modules\express\lib\router\index.js:275:10)
    at next (C:\Users\BIT\Desktop\douzone\douzone2021\vscode-projects\react-practices\Integration\app05.mysite\node_modules\express\lib\router\route.js:127:14)
    at next (C:\Users\BIT\Desktop\douzone\douzone2021\vscode-projects\react-practices\Integration\app05.mysite\node_modules\express\lib\router\route.js:131:14)
